# JRE version: OpenJDK Runtime Environment (8.0_202-b03) (build 1.8.0_202-release-1483-b03)
# Java VM: OpenJDK 64-Bit Server VM (25.202-b03 mixed mode windows-amd64 compressed oops)
Heap:
 PSYoungGen      total 311808K, used 68307K [0x00000000e0000000, 0x00000000f6b80000, 0x0000000100000000)
  eden space 284672K, 14% used [0x00000000e0000000,0x00000000e283c388,0x00000000f1600000)
  from space 27136K, 99% used [0x00000000f1600000,0x00000000f3078aa8,0x00000000f3080000)
  to   space 33792K, 0% used [0x00000000f4a80000,0x00000000f4a80000,0x00000000f6b80000)
 ParOldGen       total 170496K, used 52070K [0x00000000a0000000, 0x00000000aa680000, 0x00000000e0000000)
  object space 170496K, 30% used [0x00000000a0000000,0x00000000a32d9ad8,0x00000000aa680000)
 Metaspace       used 99226K, capacity 103886K, committed 106456K, reserved 1142784K
  class space    used 12383K, capacity 13237K, committed 13824K, reserved 1048576K
GC Heap History (10 events):
Event: 8440.014 GC heap before
{Heap before GC invocations=45 (full 4):
 PSYoungGen      total 270848K, used 259560K [0x00000000e0000000, 0x00000000f2a80000, 0x0000000100000000)
  eden space 241152K, 100% used [0x00000000e0000000,0x00000000eeb80000,0x00000000eeb80000)
  from space 29696K, 61% used [0x00000000f0880000,0x00000000f1a7a150,0x00000000f2580000)
  to   space 29696K, 0% used [0x00000000eeb80000,0x00000000eeb80000,0x00000000f0880000)
 ParOldGen       total 170496K, used 43313K [0x00000000a0000000, 0x00000000aa680000, 0x00000000e0000000)
  object space 170496K, 25% used [0x00000000a0000000,0x00000000a2a4c7d8,0x00000000aa680000)
 Metaspace       used 91265K, capacity 95552K, committed 98752K, reserved 1134592K
  class space    used 11446K, capacity 12198K, committed 12928K, reserved 1048576K
Event: 8440.034 GC heap after
Heap after GC invocations=45 (full 4):
 PSYoungGen      total 270848K, used 14366K [0x00000000e0000000, 0x00000000f3b00000, 0x0000000100000000)
  eden space 241152K, 0% used [0x00000000e0000000,0x00000000e0000000,0x00000000eeb80000)
  from space 29696K, 48% used [0x00000000eeb80000,0x00000000ef987880,0x00000000f0880000)
  to   space 28160K, 0% used [0x00000000f1f80000,0x00000000f1f80000,0x00000000f3b00000)
 ParOldGen       total 170496K, used 43321K [0x00000000a0000000, 0x00000000aa680000, 0x00000000e0000000)
  object space 170496K, 25% used [0x00000000a0000000,0x00000000a2a4e7d8,0x00000000aa680000)
 Metaspace       used 91265K, capacity 95552K, committed 98752K, reserved 1134592K
  class space    used 11446K, capacity 12198K, committed 12928K, reserved 1048576K
}
Event: 8441.661 GC heap before
{Heap before GC invocations=46 (full 4):
 PSYoungGen      total 270848K, used 255518K [0x00000000e0000000, 0x00000000f3b00000, 0x0000000100000000)
  eden space 241152K, 100% used [0x00000000e0000000,0x00000000eeb80000,0x00000000eeb80000)
  from space 29696K, 48% used [0x00000000eeb80000,0x00000000ef987880,0x00000000f0880000)
  to   space 28160K, 0% used [0x00000000f1f80000,0x00000000f1f80000,0x00000000f3b00000)
 ParOldGen       total 170496K, used 43321K [0x00000000a0000000, 0x00000000aa680000, 0x00000000e0000000)
  object space 170496K, 25% used [0x00000000a0000000,0x00000000a2a4e7d8,0x00000000aa680000)
 Metaspace       used 91269K, capacity 95552K, committed 98752K, reserved 1134592K
  class space    used 11446K, capacity 12198K, committed 12928K, reserved 1048576K
Event: 8441.681 GC heap after
Heap after GC invocations=46 (full 4):
 PSYoungGen      total 289280K, used 14993K [0x00000000e0000000, 0x00000000f3780000, 0x0000000100000000)
  eden space 264704K, 0% used [0x00000000e0000000,0x00000000e0000000,0x00000000f0280000)
  from space 24576K, 61% used [0x00000000f1f80000,0x00000000f2e246a0,0x00000000f3780000)
  to   space 27136K, 0% used [0x00000000f0280000,0x00000000f0280000,0x00000000f1d00000)
 ParOldGen       total 170496K, used 43321K [0x00000000a0000000, 0x00000000aa680000, 0x00000000e0000000)
  object space 170496K, 25% used [0x00000000a0000000,0x00000000a2a4e7d8,0x00000000aa680000)
 Metaspace       used 91269K, capacity 95552K, committed 98752K, reserved 1134592K
  class space    used 11446K, capacity 12198K, committed 12928K, reserved 1048576K
}
Event: 8552.678 GC heap before
{Heap before GC invocations=47 (full 4):
 PSYoungGen      total 289280K, used 279697K [0x00000000e0000000, 0x00000000f3780000, 0x0000000100000000)
  eden space 264704K, 100% used [0x00000000e0000000,0x00000000f0280000,0x00000000f0280000)
  from space 24576K, 61% used [0x00000000f1f80000,0x00000000f2e246a0,0x00000000f3780000)
  to   space 27136K, 0% used [0x00000000f0280000,0x00000000f0280000,0x00000000f1d00000)
 ParOldGen       total 170496K, used 43321K [0x00000000a0000000, 0x00000000aa680000, 0x00000000e0000000)
  object space 170496K, 25% used [0x00000000a0000000,0x00000000a2a4e7d8,0x00000000aa680000)
 Metaspace       used 91829K, capacity 96216K, committed 99288K, reserved 1136640K
  class space    used 11499K, capacity 12266K, committed 13056K, reserved 1048576K
Event: 8552.689 GC heap after
Heap after GC invocations=47 (full 4):
 PSYoungGen      total 291840K, used 8248K [0x00000000e0000000, 0x00000000f4c80000, 0x0000000100000000)
  eden space 264704K, 0% used [0x00000000e0000000,0x00000000e0000000,0x00000000f0280000)
  from space 27136K, 30% used [0x00000000f0280000,0x00000000f0a8e2c8,0x00000000f1d00000)
  to   space 27136K, 0% used [0x00000000f3200000,0x00000000f3200000,0x00000000f4c80000)
 ParOldGen       total 170496K, used 43329K [0x00000000a0000000, 0x00000000aa680000, 0x00000000e0000000)
  object space 170496K, 25% used [0x00000000a0000000,0x00000000a2a507d8,0x00000000aa680000)
 Metaspace       used 91829K, capacity 96216K, committed 99288K, reserved 1136640K
  class space    used 11499K, capacity 12266K, committed 13056K, reserved 1048576K
}
Event: 8557.153 GC heap before
{Heap before GC invocations=48 (full 4):
 PSYoungGen      total 291840K, used 272952K [0x00000000e0000000, 0x00000000f4c80000, 0x0000000100000000)
  eden space 264704K, 100% used [0x00000000e0000000,0x00000000f0280000,0x00000000f0280000)
  from space 27136K, 30% used [0x00000000f0280000,0x00000000f0a8e2c8,0x00000000f1d00000)
  to   space 27136K, 0% used [0x00000000f3200000,0x00000000f3200000,0x00000000f4c80000)
 ParOldGen       total 170496K, used 43329K [0x00000000a0000000, 0x00000000aa680000, 0x00000000e0000000)
  object space 170496K, 25% used [0x00000000a0000000,0x00000000a2a507d8,0x00000000aa680000)
 Metaspace       used 97558K, capacity 102060K, committed 105048K, reserved 1140736K
  class space    used 12162K, capacity 12980K, committed 13696K, reserved 1048576K
Event: 8557.181 GC heap after
Heap after GC invocations=48 (full 4):
 PSYoungGen      total 310272K, used 17668K [0x00000000e0000000, 0x00000000f4b00000, 0x0000000100000000)
  eden space 284672K, 0% used [0x00000000e0000000,0x00000000e0000000,0x00000000f1600000)
  from space 25600K, 69% used [0x00000000f3200000,0x00000000f4341170,0x00000000f4b00000)
  to   space 27136K, 0% used [0x00000000f1600000,0x00000000f1600000,0x00000000f3080000)
 ParOldGen       total 170496K, used 43337K [0x00000000a0000000, 0x00000000aa680000, 0x00000000e0000000)
  object space 170496K, 25% used [0x00000000a0000000,0x00000000a2a527d8,0x00000000aa680000)
 Metaspace       used 97558K, capacity 102060K, committed 105048K, reserved 1140736K
  class space    used 12162K, capacity 12980K, committed 13696K, reserved 1048576K
}
Event: 8562.539 GC heap before
{Heap before GC invocations=49 (full 4):
 PSYoungGen      total 310272K, used 302340K [0x00000000e0000000, 0x00000000f4b00000, 0x0000000100000000)
  eden space 284672K, 100% used [0x00000000e0000000,0x00000000f1600000,0x00000000f1600000)
  from space 25600K, 69% used [0x00000000f3200000,0x00000000f4341170,0x00000000f4b00000)
  to   space 27136K, 0% used [0x00000000f1600000,0x00000000f1600000,0x00000000f3080000)
 ParOldGen       total 170496K, used 43337K [0x00000000a0000000, 0x00000000aa680000, 0x00000000e0000000)
  object space 170496K, 25% used [0x00000000a0000000,0x00000000a2a527d8,0x00000000aa680000)
 Metaspace       used 98380K, capacity 103008K, committed 105688K, reserved 1140736K
  class space    used 12255K, capacity 13116K, committed 13824K, reserved 1048576K
Event: 8562.578 GC heap after
Heap after GC invocations=49 (full 4):
 PSYoungGen      total 311808K, used 27106K [0x00000000e0000000, 0x00000000f6b80000, 0x0000000100000000)
  eden space 284672K, 0% used [0x00000000e0000000,0x00000000e0000000,0x00000000f1600000)
  from space 27136K, 99% used [0x00000000f1600000,0x00000000f3078aa8,0x00000000f3080000)
  to   space 33792K, 0% used [0x00000000f4a80000,0x00000000f4a80000,0x00000000f6b80000)
 ParOldGen       total 170496K, used 52070K [0x00000000a0000000, 0x00000000aa680000, 0x00000000e0000000)
  object space 170496K, 30% used [0x00000000a0000000,0x00000000a32d9ad8,0x00000000aa680000)
 Metaspace       used 98380K, capacity 103008K, committed 105688K, reserved 1140736K
  class space    used 12255K, capacity 13116K, committed 13824K, reserved 1048576K
}

